{"/home/de121/Documents/Revision-App/server/app.js": {"path":"/home/de121/Documents/Revision-App/server/app.js","statementMap":{"0":{"start":{"line":2,"column":16},"end":{"line":2,"column":34}},"1":{"start":{"line":3,"column":13},"end":{"line":3,"column":28}},"2":{"start":{"line":7,"column":19},"end":{"line":7,"column":43}},"3":{"start":{"line":8,"column":23},"end":{"line":8,"column":51}},"4":{"start":{"line":9,"column":20},"end":{"line":9,"column":45}},"5":{"start":{"line":11,"column":13},"end":{"line":11,"column":28}},"6":{"start":{"line":14,"column":12},"end":{"line":14,"column":21}},"7":{"start":{"line":17,"column":0},"end":{"line":17,"column":23}},"8":{"start":{"line":18,"column":0},"end":{"line":18,"column":15}},"9":{"start":{"line":22,"column":0},"end":{"line":22,"column":24}},"10":{"start":{"line":23,"column":0},"end":{"line":23,"column":36}},"11":{"start":{"line":24,"column":0},"end":{"line":24,"column":30}},"12":{"start":{"line":27,"column":0},"end":{"line":27,"column":20}}},"fnMap":{},"branchMap":{},"s":{"0":1,"1":1,"2":1,"3":1,"4":1,"5":1,"6":1,"7":1,"8":1,"9":1,"10":1,"11":1,"12":1},"f":{},"b":{},"_coverageSchema":"1a1c01bbd47fc00a2c39e90264f33305004495a9","hash":"e244f98f118876476ee004919f55e0946883d6f9"}
,"/home/de121/Documents/Revision-App/server/controllers/notes.js": {"path":"/home/de121/Documents/Revision-App/server/controllers/notes.js","statementMap":{"0":{"start":{"line":1,"column":14},"end":{"line":1,"column":40}},"1":{"start":{"line":3,"column":14},"end":{"line":11,"column":1}},"2":{"start":{"line":4,"column":3},"end":{"line":10,"column":4}},"3":{"start":{"line":5,"column":22},"end":{"line":5,"column":50}},"4":{"start":{"line":6,"column":22},"end":{"line":6,"column":47}},"5":{"start":{"line":7,"column":8},"end":{"line":7,"column":35}},"6":{"start":{"line":9,"column":4},"end":{"line":9,"column":46}},"7":{"start":{"line":13,"column":17},"end":{"line":22,"column":1}},"8":{"start":{"line":14,"column":4},"end":{"line":21,"column":5}},"9":{"start":{"line":15,"column":19},"end":{"line":15,"column":32}},"10":{"start":{"line":16,"column":21},"end":{"line":16,"column":47}},"11":{"start":{"line":17,"column":8},"end":{"line":17,"column":34}},"12":{"start":{"line":20,"column":8},"end":{"line":20,"column":50}},"13":{"start":{"line":24,"column":19},"end":{"line":34,"column":1}},"14":{"start":{"line":25,"column":18},"end":{"line":25,"column":46}},"15":{"start":{"line":27,"column":4},"end":{"line":33,"column":5}},"16":{"start":{"line":28,"column":21},"end":{"line":28,"column":60}},"17":{"start":{"line":29,"column":8},"end":{"line":29,"column":34}},"18":{"start":{"line":32,"column":8},"end":{"line":32,"column":51}},"19":{"start":{"line":36,"column":19},"end":{"line":45,"column":1}},"20":{"start":{"line":37,"column":4},"end":{"line":44,"column":5}},"21":{"start":{"line":38,"column":19},"end":{"line":38,"column":32}},"22":{"start":{"line":39,"column":21},"end":{"line":39,"column":57}},"23":{"start":{"line":40,"column":8},"end":{"line":40,"column":34}},"24":{"start":{"line":43,"column":8},"end":{"line":43,"column":50}},"25":{"start":{"line":47,"column":19},"end":{"line":56,"column":1}},"26":{"start":{"line":48,"column":4},"end":{"line":55,"column":5}},"27":{"start":{"line":49,"column":19},"end":{"line":49,"column":32}},"28":{"start":{"line":50,"column":21},"end":{"line":50,"column":47}},"29":{"start":{"line":51,"column":23},"end":{"line":51,"column":46}},"30":{"start":{"line":52,"column":8},"end":{"line":52,"column":36}},"31":{"start":{"line":54,"column":8},"end":{"line":54,"column":49}},"32":{"start":{"line":58,"column":24},"end":{"line":70,"column":1}},"33":{"start":{"line":59,"column":4},"end":{"line":69,"column":5}},"34":{"start":{"line":60,"column":21},"end":{"line":60,"column":29}},"35":{"start":{"line":61,"column":22},"end":{"line":61,"column":50}},"36":{"start":{"line":62,"column":22},"end":{"line":62,"column":59}},"37":{"start":{"line":63,"column":8},"end":{"line":63,"column":26}},"38":{"start":{"line":64,"column":8},"end":{"line":64,"column":35}},"39":{"start":{"line":67,"column":8},"end":{"line":67,"column":50}},"40":{"start":{"line":72,"column":0},"end":{"line":72,"column":89}}},"fnMap":{"0":{"name":"(anonymous_0)","decl":{"start":{"line":3,"column":14},"end":{"line":3,"column":15}},"loc":{"start":{"line":3,"column":33},"end":{"line":11,"column":1}},"line":3},"1":{"name":"(anonymous_1)","decl":{"start":{"line":13,"column":17},"end":{"line":13,"column":18}},"loc":{"start":{"line":13,"column":36},"end":{"line":22,"column":1}},"line":13},"2":{"name":"(anonymous_2)","decl":{"start":{"line":24,"column":19},"end":{"line":24,"column":20}},"loc":{"start":{"line":24,"column":39},"end":{"line":34,"column":1}},"line":24},"3":{"name":"(anonymous_3)","decl":{"start":{"line":36,"column":19},"end":{"line":36,"column":20}},"loc":{"start":{"line":36,"column":39},"end":{"line":45,"column":1}},"line":36},"4":{"name":"(anonymous_4)","decl":{"start":{"line":47,"column":19},"end":{"line":47,"column":20}},"loc":{"start":{"line":47,"column":39},"end":{"line":56,"column":1}},"line":47},"5":{"name":"(anonymous_5)","decl":{"start":{"line":58,"column":24},"end":{"line":58,"column":25}},"loc":{"start":{"line":58,"column":44},"end":{"line":70,"column":1}},"line":58}},"branchMap":{},"s":{"0":2,"1":2,"2":2,"3":2,"4":0,"5":0,"6":2,"7":2,"8":2,"9":2,"10":2,"11":1,"12":1,"13":2,"14":2,"15":0,"16":0,"17":0,"18":0,"19":2,"20":2,"21":2,"22":2,"23":1,"24":1,"25":2,"26":2,"27":2,"28":2,"29":2,"30":1,"31":1,"32":2,"33":0,"34":0,"35":0,"36":0,"37":0,"38":0,"39":0,"40":2},"f":{"0":2,"1":2,"2":2,"3":2,"4":2,"5":0},"b":{},"_coverageSchema":"1a1c01bbd47fc00a2c39e90264f33305004495a9","hash":"dcbb8aeaf08ac8a5d0f3af1a3ec9d40e3521a3b4"}
,"/home/de121/Documents/Revision-App/server/controllers/subjects.js": {"path":"/home/de121/Documents/Revision-App/server/controllers/subjects.js","statementMap":{"0":{"start":{"line":1,"column":17},"end":{"line":1,"column":46}},"1":{"start":{"line":3,"column":14},"end":{"line":10,"column":1}},"2":{"start":{"line":4,"column":2},"end":{"line":9,"column":3}},"3":{"start":{"line":5,"column":24},"end":{"line":5,"column":47}},"4":{"start":{"line":6,"column":4},"end":{"line":6,"column":37}},"5":{"start":{"line":8,"column":4},"end":{"line":8,"column":46}},"6":{"start":{"line":12,"column":19},"end":{"line":20,"column":1}},"7":{"start":{"line":13,"column":2},"end":{"line":19,"column":3}},"8":{"start":{"line":14,"column":17},"end":{"line":14,"column":49}},"9":{"start":{"line":15,"column":24},"end":{"line":15,"column":57}},"10":{"start":{"line":16,"column":4},"end":{"line":16,"column":37}},"11":{"start":{"line":18,"column":4},"end":{"line":18,"column":48}},"12":{"start":{"line":22,"column":22},"end":{"line":29,"column":1}},"13":{"start":{"line":23,"column":2},"end":{"line":28,"column":3}},"14":{"start":{"line":24,"column":22},"end":{"line":24,"column":60}},"15":{"start":{"line":25,"column":6},"end":{"line":25,"column":35}},"16":{"start":{"line":27,"column":6},"end":{"line":27,"column":49}},"17":{"start":{"line":31,"column":22},"end":{"line":39,"column":1}},"18":{"start":{"line":32,"column":2},"end":{"line":38,"column":3}},"19":{"start":{"line":33,"column":17},"end":{"line":33,"column":30}},"20":{"start":{"line":34,"column":22},"end":{"line":34,"column":64}},"21":{"start":{"line":35,"column":6},"end":{"line":35,"column":35}},"22":{"start":{"line":37,"column":6},"end":{"line":37,"column":48}},"23":{"start":{"line":41,"column":22},"end":{"line":50,"column":1}},"24":{"start":{"line":42,"column":2},"end":{"line":49,"column":3}},"25":{"start":{"line":43,"column":17},"end":{"line":43,"column":30}},"26":{"start":{"line":44,"column":22},"end":{"line":44,"column":51}},"27":{"start":{"line":45,"column":21},"end":{"line":45,"column":50}},"28":{"start":{"line":46,"column":6},"end":{"line":46,"column":34}},"29":{"start":{"line":48,"column":6},"end":{"line":48,"column":47}},"30":{"start":{"line":52,"column":0},"end":{"line":52,"column":82}}},"fnMap":{"0":{"name":"(anonymous_0)","decl":{"start":{"line":3,"column":14},"end":{"line":3,"column":15}},"loc":{"start":{"line":3,"column":34},"end":{"line":10,"column":1}},"line":3},"1":{"name":"(anonymous_1)","decl":{"start":{"line":12,"column":19},"end":{"line":12,"column":20}},"loc":{"start":{"line":12,"column":39},"end":{"line":20,"column":1}},"line":12},"2":{"name":"(anonymous_2)","decl":{"start":{"line":22,"column":22},"end":{"line":22,"column":23}},"loc":{"start":{"line":22,"column":42},"end":{"line":29,"column":1}},"line":22},"3":{"name":"(anonymous_3)","decl":{"start":{"line":31,"column":22},"end":{"line":31,"column":23}},"loc":{"start":{"line":31,"column":42},"end":{"line":39,"column":1}},"line":31},"4":{"name":"(anonymous_4)","decl":{"start":{"line":41,"column":22},"end":{"line":41,"column":23}},"loc":{"start":{"line":41,"column":42},"end":{"line":50,"column":1}},"line":41}},"branchMap":{},"s":{"0":1,"1":1,"2":0,"3":0,"4":0,"5":0,"6":1,"7":0,"8":0,"9":0,"10":0,"11":0,"12":1,"13":0,"14":0,"15":0,"16":0,"17":1,"18":0,"19":0,"20":0,"21":0,"22":0,"23":1,"24":0,"25":0,"26":0,"27":0,"28":0,"29":0,"30":1},"f":{"0":0,"1":0,"2":0,"3":0,"4":0},"b":{},"_coverageSchema":"1a1c01bbd47fc00a2c39e90264f33305004495a9","hash":"07c6326608004f4b10c8815b97e2cc23efb4a03d"}
,"/home/de121/Documents/Revision-App/server/controllers/user.js": {"path":"/home/de121/Documents/Revision-App/server/controllers/user.js","statementMap":{"0":{"start":{"line":1,"column":13},"end":{"line":1,"column":38}},"1":{"start":{"line":2,"column":15},"end":{"line":2,"column":32}},"2":{"start":{"line":3,"column":14},"end":{"line":3,"column":40}},"3":{"start":{"line":5,"column":17},"end":{"line":24,"column":1}},"4":{"start":{"line":6,"column":4},"end":{"line":23,"column":5}},"5":{"start":{"line":7,"column":21},"end":{"line":7,"column":29}},"6":{"start":{"line":10,"column":21},"end":{"line":10,"column":83}},"7":{"start":{"line":13,"column":21},"end":{"line":13,"column":59}},"8":{"start":{"line":14,"column":8},"end":{"line":14,"column":28}},"9":{"start":{"line":16,"column":23},"end":{"line":16,"column":46}},"10":{"start":{"line":17,"column":22},"end":{"line":17,"column":57}},"11":{"start":{"line":19,"column":8},"end":{"line":19,"column":71}},"12":{"start":{"line":22,"column":8},"end":{"line":22,"column":50}},"13":{"start":{"line":26,"column":14},"end":{"line":56,"column":1}},"14":{"start":{"line":27,"column":4},"end":{"line":55,"column":5}},"15":{"start":{"line":29,"column":56},"end":{"line":29,"column":64}},"16":{"start":{"line":31,"column":21},"end":{"line":31,"column":55}},"17":{"start":{"line":33,"column":22},"end":{"line":33,"column":67}},"18":{"start":{"line":36,"column":8},"end":{"line":52,"column":13}},"19":{"start":{"line":37,"column":12},"end":{"line":37,"column":68}},"20":{"start":{"line":40,"column":12},"end":{"line":51,"column":13}},"21":{"start":{"line":41,"column":34},"end":{"line":41,"column":70}},"22":{"start":{"line":43,"column":16},"end":{"line":43,"column":41}},"23":{"start":{"line":45,"column":31},"end":{"line":45,"column":61}},"24":{"start":{"line":48,"column":30},"end":{"line":48,"column":63}},"25":{"start":{"line":50,"column":16},"end":{"line":50,"column":79}},"26":{"start":{"line":54,"column":8},"end":{"line":54,"column":50}},"27":{"start":{"line":58,"column":15},"end":{"line":67,"column":1}},"28":{"start":{"line":59,"column":4},"end":{"line":66,"column":5}},"29":{"start":{"line":60,"column":22},"end":{"line":60,"column":50}},"30":{"start":{"line":61,"column":26},"end":{"line":61,"column":58}},"31":{"start":{"line":62,"column":23},"end":{"line":62,"column":47}},"32":{"start":{"line":63,"column":8},"end":{"line":63,"column":36}},"33":{"start":{"line":65,"column":8},"end":{"line":65,"column":50}},"34":{"start":{"line":69,"column":20},"end":{"line":78,"column":1}},"35":{"start":{"line":70,"column":4},"end":{"line":77,"column":5}},"36":{"start":{"line":71,"column":22},"end":{"line":71,"column":50}},"37":{"start":{"line":72,"column":8},"end":{"line":72,"column":26}},"38":{"start":{"line":73,"column":21},"end":{"line":73,"column":52}},"39":{"start":{"line":74,"column":8},"end":{"line":74,"column":34}},"40":{"start":{"line":76,"column":8},"end":{"line":76,"column":50}},"41":{"start":{"line":80,"column":0},"end":{"line":80,"column":56}}},"fnMap":{"0":{"name":"(anonymous_0)","decl":{"start":{"line":5,"column":17},"end":{"line":5,"column":18}},"loc":{"start":{"line":5,"column":36},"end":{"line":24,"column":1}},"line":5},"1":{"name":"(anonymous_1)","decl":{"start":{"line":26,"column":14},"end":{"line":26,"column":15}},"loc":{"start":{"line":26,"column":33},"end":{"line":56,"column":1}},"line":26},"2":{"name":"(anonymous_2)","decl":{"start":{"line":58,"column":15},"end":{"line":58,"column":16}},"loc":{"start":{"line":58,"column":34},"end":{"line":67,"column":1}},"line":58},"3":{"name":"(anonymous_3)","decl":{"start":{"line":69,"column":20},"end":{"line":69,"column":21}},"loc":{"start":{"line":69,"column":40},"end":{"line":78,"column":1}},"line":69}},"branchMap":{"0":{"loc":{"start":{"line":36,"column":8},"end":{"line":52,"column":13}},"type":"if","locations":[{"start":{"line":36,"column":8},"end":{"line":52,"column":13}},{"start":{"line":38,"column":15},"end":{"line":52,"column":13}}],"line":36}},"s":{"0":2,"1":2,"2":2,"3":2,"4":1,"5":1,"6":1,"7":1,"8":1,"9":1,"10":1,"11":0,"12":1,"13":2,"14":3,"15":3,"16":3,"17":2,"18":2,"19":1,"20":1,"21":1,"22":1,"23":1,"24":1,"25":1,"26":2,"27":2,"28":1,"29":1,"30":0,"31":0,"32":0,"33":1,"34":2,"35":0,"36":0,"37":0,"38":0,"39":0,"40":0,"41":2},"f":{"0":1,"1":3,"2":1,"3":0},"b":{"0":[1,1]},"_coverageSchema":"1a1c01bbd47fc00a2c39e90264f33305004495a9","hash":"1faabf9fc1faf2a5c2ae929b4bfc267518414f46"}
,"/home/de121/Documents/Revision-App/server/database/connect.js": {"path":"/home/de121/Documents/Revision-App/server/database/connect.js","statementMap":{"0":{"start":{"line":1,"column":17},"end":{"line":1,"column":30}},"1":{"start":{"line":5,"column":11},"end":{"line":7,"column":2}},"2":{"start":{"line":11,"column":0},"end":{"line":11,"column":19}}},"fnMap":{},"branchMap":{},"s":{"0":5,"1":5,"2":5},"f":{},"b":{},"_coverageSchema":"1a1c01bbd47fc00a2c39e90264f33305004495a9","hash":"9fe61fdb730d4c4710f7dd92129d2a231b0a42cc"}
,"/home/de121/Documents/Revision-App/server/middleware/authenticator.js": {"path":"/home/de121/Documents/Revision-App/server/middleware/authenticator.js","statementMap":{"0":{"start":{"line":1,"column":14},"end":{"line":1,"column":40}},"1":{"start":{"line":4,"column":4},"end":{"line":17,"column":5}},"2":{"start":{"line":5,"column":26},"end":{"line":5,"column":54}},"3":{"start":{"line":7,"column":8},"end":{"line":13,"column":9}},"4":{"start":{"line":8,"column":12},"end":{"line":8,"column":55}},"5":{"start":{"line":10,"column":31},"end":{"line":10,"column":67}},"6":{"start":{"line":12,"column":12},"end":{"line":12,"column":19}},"7":{"start":{"line":16,"column":8},"end":{"line":16,"column":53}},"8":{"start":{"line":20,"column":0},"end":{"line":20,"column":30}}},"fnMap":{"0":{"name":"authenticator","decl":{"start":{"line":3,"column":15},"end":{"line":3,"column":28}},"loc":{"start":{"line":3,"column":45},"end":{"line":18,"column":1}},"line":3}},"branchMap":{"0":{"loc":{"start":{"line":7,"column":8},"end":{"line":13,"column":9}},"type":"if","locations":[{"start":{"line":7,"column":8},"end":{"line":13,"column":9}},{"start":{"line":9,"column":15},"end":{"line":13,"column":9}}],"line":7}},"s":{"0":1,"1":0,"2":0,"3":0,"4":0,"5":0,"6":0,"7":0,"8":1},"f":{"0":0},"b":{"0":[0,0]},"_coverageSchema":"1a1c01bbd47fc00a2c39e90264f33305004495a9","hash":"51ba81a040520ad510f1fd6d8ff3b99894f34caa"}
,"/home/de121/Documents/Revision-App/server/models/notes.js": {"path":"/home/de121/Documents/Revision-App/server/models/notes.js","statementMap":{"0":{"start":{"line":1,"column":11},"end":{"line":1,"column":41}},"1":{"start":{"line":2,"column":13},"end":{"line":2,"column":30}},"2":{"start":{"line":6,"column":4},"end":{"line":6,"column":26}},"3":{"start":{"line":7,"column":4},"end":{"line":7,"column":20}},"4":{"start":{"line":8,"column":4},"end":{"line":8,"column":22}},"5":{"start":{"line":9,"column":4},"end":{"line":9,"column":32}},"6":{"start":{"line":10,"column":4},"end":{"line":10,"column":28}},"7":{"start":{"line":14,"column":17},"end":{"line":14,"column":57}},"8":{"start":{"line":15,"column":21},"end":{"line":15,"column":107}},"9":{"start":{"line":16,"column":4},"end":{"line":23,"column":3}},"10":{"start":{"line":17,"column":6},"end":{"line":19,"column":7}},"11":{"start":{"line":18,"column":10},"end":{"line":18,"column":47}},"12":{"start":{"line":20,"column":6},"end":{"line":20,"column":57}},"13":{"start":{"line":20,"column":40},"end":{"line":20,"column":56}},"14":{"start":{"line":22,"column":6},"end":{"line":22,"column":34}},"15":{"start":{"line":27,"column":4},"end":{"line":35,"column":5}},"16":{"start":{"line":28,"column":23},"end":{"line":28,"column":86}},"17":{"start":{"line":29,"column":6},"end":{"line":31,"column":7}},"18":{"start":{"line":30,"column":10},"end":{"line":30,"column":53}},"19":{"start":{"line":32,"column":6},"end":{"line":32,"column":40}},"20":{"start":{"line":34,"column":6},"end":{"line":34,"column":34}},"21":{"start":{"line":38,"column":4},"end":{"line":54,"column":5}},"22":{"start":{"line":39,"column":29},"end":{"line":39,"column":33}},"23":{"start":{"line":40,"column":20},"end":{"line":40,"column":81}},"24":{"start":{"line":41,"column":19},"end":{"line":41,"column":50}},"25":{"start":{"line":42,"column":21},"end":{"line":42,"column":48}},"26":{"start":{"line":44,"column":23},"end":{"line":44,"column":52}},"27":{"start":{"line":45,"column":6},"end":{"line":45,"column":32}},"28":{"start":{"line":46,"column":6},"end":{"line":48,"column":7}},"29":{"start":{"line":47,"column":8},"end":{"line":47,"column":89}},"30":{"start":{"line":49,"column":6},"end":{"line":49,"column":55}},"31":{"start":{"line":49,"column":39},"end":{"line":49,"column":54}},"32":{"start":{"line":53,"column":6},"end":{"line":53,"column":34}},"33":{"start":{"line":58,"column":4},"end":{"line":66,"column":5}},"34":{"start":{"line":59,"column":19},"end":{"line":59,"column":50}},"35":{"start":{"line":60,"column":6},"end":{"line":60,"column":23}},"36":{"start":{"line":61,"column":42},"end":{"line":61,"column":46}},"37":{"start":{"line":62,"column":23},"end":{"line":62,"column":170}},"38":{"start":{"line":63,"column":6},"end":{"line":63,"column":40}},"39":{"start":{"line":65,"column":6},"end":{"line":65,"column":34}},"40":{"start":{"line":70,"column":4},"end":{"line":76,"column":5}},"41":{"start":{"line":71,"column":52},"end":{"line":71,"column":56}},"42":{"start":{"line":72,"column":23},"end":{"line":72,"column":188}},"43":{"start":{"line":73,"column":6},"end":{"line":73,"column":40}},"44":{"start":{"line":75,"column":6},"end":{"line":75,"column":34}},"45":{"start":{"line":80,"column":4},"end":{"line":88,"column":3}},"46":{"start":{"line":81,"column":23},"end":{"line":81,"column":106}},"47":{"start":{"line":82,"column":6},"end":{"line":84,"column":7}},"48":{"start":{"line":83,"column":8},"end":{"line":83,"column":19}},"49":{"start":{"line":85,"column":6},"end":{"line":85,"column":40}},"50":{"start":{"line":87,"column":4},"end":{"line":87,"column":33}},"51":{"start":{"line":92,"column":0},"end":{"line":92,"column":22}}},"fnMap":{"0":{"name":"(anonymous_0)","decl":{"start":{"line":5,"column":2},"end":{"line":5,"column":3}},"loc":{"start":{"line":5,"column":60},"end":{"line":11,"column":3}},"line":5},"1":{"name":"(anonymous_1)","decl":{"start":{"line":13,"column":2},"end":{"line":13,"column":3}},"loc":{"start":{"line":13,"column":29},"end":{"line":24,"column":1}},"line":13},"2":{"name":"(anonymous_2)","decl":{"start":{"line":20,"column":31},"end":{"line":20,"column":32}},"loc":{"start":{"line":20,"column":40},"end":{"line":20,"column":56}},"line":20},"3":{"name":"(anonymous_3)","decl":{"start":{"line":26,"column":2},"end":{"line":26,"column":3}},"loc":{"start":{"line":26,"column":30},"end":{"line":36,"column":3}},"line":26},"4":{"name":"(anonymous_4)","decl":{"start":{"line":37,"column":2},"end":{"line":37,"column":3}},"loc":{"start":{"line":37,"column":40},"end":{"line":55,"column":3}},"line":37},"5":{"name":"(anonymous_5)","decl":{"start":{"line":49,"column":31},"end":{"line":49,"column":32}},"loc":{"start":{"line":49,"column":39},"end":{"line":49,"column":54}},"line":49},"6":{"name":"(anonymous_6)","decl":{"start":{"line":57,"column":2},"end":{"line":57,"column":3}},"loc":{"start":{"line":57,"column":39},"end":{"line":67,"column":3}},"line":57},"7":{"name":"(anonymous_7)","decl":{"start":{"line":69,"column":2},"end":{"line":69,"column":3}},"loc":{"start":{"line":69,"column":41},"end":{"line":77,"column":3}},"line":69},"8":{"name":"(anonymous_8)","decl":{"start":{"line":79,"column":2},"end":{"line":79,"column":3}},"loc":{"start":{"line":79,"column":21},"end":{"line":89,"column":1}},"line":79}},"branchMap":{"0":{"loc":{"start":{"line":17,"column":6},"end":{"line":19,"column":7}},"type":"if","locations":[{"start":{"line":17,"column":6},"end":{"line":19,"column":7}},{"start":{},"end":{}}],"line":17},"1":{"loc":{"start":{"line":29,"column":6},"end":{"line":31,"column":7}},"type":"if","locations":[{"start":{"line":29,"column":6},"end":{"line":31,"column":7}},{"start":{},"end":{}}],"line":29},"2":{"loc":{"start":{"line":46,"column":6},"end":{"line":48,"column":7}},"type":"if","locations":[{"start":{"line":46,"column":6},"end":{"line":48,"column":7}},{"start":{},"end":{}}],"line":46},"3":{"loc":{"start":{"line":82,"column":6},"end":{"line":84,"column":7}},"type":"if","locations":[{"start":{"line":82,"column":6},"end":{"line":84,"column":7}},{"start":{},"end":{}}],"line":82}},"s":{"0":3,"1":3,"2":7,"3":7,"4":7,"5":7,"6":7,"7":2,"8":2,"9":0,"10":0,"11":0,"12":0,"13":0,"14":0,"15":2,"16":2,"17":2,"18":0,"19":2,"20":0,"21":0,"22":0,"23":0,"24":0,"25":0,"26":0,"27":0,"28":0,"29":0,"30":0,"31":0,"32":0,"33":2,"34":2,"35":0,"36":0,"37":0,"38":0,"39":2,"40":2,"41":2,"42":2,"43":1,"44":1,"45":1,"46":1,"47":1,"48":0,"49":1,"50":0,"51":3},"f":{"0":7,"1":2,"2":0,"3":2,"4":0,"5":0,"6":2,"7":2,"8":1},"b":{"0":[0,0],"1":[0,2],"2":[0,0],"3":[0,1]},"_coverageSchema":"1a1c01bbd47fc00a2c39e90264f33305004495a9","hash":"eb117cf7452490aea234eec4b6e5d443435bd4f8"}
,"/home/de121/Documents/Revision-App/server/models/subjects.js": {"path":"/home/de121/Documents/Revision-App/server/models/subjects.js","statementMap":{"0":{"start":{"line":1,"column":11},"end":{"line":1,"column":41}},"1":{"start":{"line":5,"column":4},"end":{"line":5,"column":32}},"2":{"start":{"line":6,"column":4},"end":{"line":6,"column":48}},"3":{"start":{"line":7,"column":4},"end":{"line":7,"column":34}},"4":{"start":{"line":8,"column":4},"end":{"line":8,"column":26}},"5":{"start":{"line":9,"column":4},"end":{"line":9,"column":28}},"6":{"start":{"line":13,"column":21},"end":{"line":13,"column":61}},"7":{"start":{"line":14,"column":4},"end":{"line":21,"column":5}},"8":{"start":{"line":15,"column":6},"end":{"line":17,"column":7}},"9":{"start":{"line":16,"column":8},"end":{"line":16,"column":58}},"10":{"start":{"line":18,"column":6},"end":{"line":18,"column":66}},"11":{"start":{"line":18,"column":43},"end":{"line":18,"column":65}},"12":{"start":{"line":20,"column":6},"end":{"line":20,"column":34}},"13":{"start":{"line":25,"column":21},"end":{"line":25,"column":102}},"14":{"start":{"line":26,"column":4},"end":{"line":28,"column":5}},"15":{"start":{"line":27,"column":6},"end":{"line":27,"column":60}},"16":{"start":{"line":32,"column":4},"end":{"line":40,"column":5}},"17":{"start":{"line":33,"column":23},"end":{"line":33,"column":89}},"18":{"start":{"line":34,"column":6},"end":{"line":36,"column":7}},"19":{"start":{"line":35,"column":10},"end":{"line":35,"column":56}},"20":{"start":{"line":37,"column":6},"end":{"line":37,"column":43}},"21":{"start":{"line":39,"column":6},"end":{"line":39,"column":34}},"22":{"start":{"line":44,"column":4},"end":{"line":50,"column":5}},"23":{"start":{"line":45,"column":67},"end":{"line":45,"column":71}},"24":{"start":{"line":46,"column":23},"end":{"line":46,"column":202}},"25":{"start":{"line":47,"column":6},"end":{"line":47,"column":40}},"26":{"start":{"line":49,"column":6},"end":{"line":49,"column":34}},"27":{"start":{"line":54,"column":4},"end":{"line":60,"column":5}},"28":{"start":{"line":55,"column":69},"end":{"line":55,"column":73}},"29":{"start":{"line":56,"column":23},"end":{"line":56,"column":224}},"30":{"start":{"line":57,"column":6},"end":{"line":57,"column":43}},"31":{"start":{"line":59,"column":6},"end":{"line":59,"column":34}},"32":{"start":{"line":64,"column":4},"end":{"line":72,"column":5}},"33":{"start":{"line":65,"column":23},"end":{"line":65,"column":115}},"34":{"start":{"line":66,"column":6},"end":{"line":68,"column":7}},"35":{"start":{"line":67,"column":10},"end":{"line":67,"column":55}},"36":{"start":{"line":69,"column":6},"end":{"line":69,"column":43}},"37":{"start":{"line":71,"column":6},"end":{"line":71,"column":34}},"38":{"start":{"line":77,"column":0},"end":{"line":77,"column":25}}},"fnMap":{"0":{"name":"(anonymous_0)","decl":{"start":{"line":4,"column":2},"end":{"line":4,"column":3}},"loc":{"start":{"line":4,"column":80},"end":{"line":10,"column":3}},"line":4},"1":{"name":"(anonymous_1)","decl":{"start":{"line":12,"column":2},"end":{"line":12,"column":3}},"loc":{"start":{"line":12,"column":24},"end":{"line":22,"column":3}},"line":12},"2":{"name":"(anonymous_2)","decl":{"start":{"line":18,"column":31},"end":{"line":18,"column":32}},"loc":{"start":{"line":18,"column":43},"end":{"line":18,"column":65}},"line":18},"3":{"name":"(anonymous_3)","decl":{"start":{"line":24,"column":2},"end":{"line":24,"column":3}},"loc":{"start":{"line":24,"column":37},"end":{"line":29,"column":3}},"line":24},"4":{"name":"(anonymous_4)","decl":{"start":{"line":31,"column":2},"end":{"line":31,"column":3}},"loc":{"start":{"line":31,"column":30},"end":{"line":41,"column":3}},"line":31},"5":{"name":"(anonymous_5)","decl":{"start":{"line":43,"column":2},"end":{"line":43,"column":3}},"loc":{"start":{"line":43,"column":35},"end":{"line":51,"column":3}},"line":43},"6":{"name":"(anonymous_6)","decl":{"start":{"line":53,"column":2},"end":{"line":53,"column":3}},"loc":{"start":{"line":53,"column":39},"end":{"line":61,"column":3}},"line":53},"7":{"name":"(anonymous_7)","decl":{"start":{"line":63,"column":2},"end":{"line":63,"column":3}},"loc":{"start":{"line":63,"column":24},"end":{"line":73,"column":3}},"line":63}},"branchMap":{"0":{"loc":{"start":{"line":15,"column":6},"end":{"line":17,"column":7}},"type":"if","locations":[{"start":{"line":15,"column":6},"end":{"line":17,"column":7}},{"start":{},"end":{}}],"line":15},"1":{"loc":{"start":{"line":26,"column":4},"end":{"line":28,"column":5}},"type":"if","locations":[{"start":{"line":26,"column":4},"end":{"line":28,"column":5}},{"start":{},"end":{}}],"line":26},"2":{"loc":{"start":{"line":34,"column":6},"end":{"line":36,"column":7}},"type":"if","locations":[{"start":{"line":34,"column":6},"end":{"line":36,"column":7}},{"start":{},"end":{}}],"line":34},"3":{"loc":{"start":{"line":66,"column":6},"end":{"line":68,"column":7}},"type":"if","locations":[{"start":{"line":66,"column":6},"end":{"line":68,"column":7}},{"start":{},"end":{}}],"line":66}},"s":{"0":1,"1":0,"2":0,"3":0,"4":0,"5":0,"6":0,"7":0,"8":0,"9":0,"10":0,"11":0,"12":0,"13":0,"14":0,"15":0,"16":0,"17":0,"18":0,"19":0,"20":0,"21":0,"22":0,"23":0,"24":0,"25":0,"26":0,"27":0,"28":0,"29":0,"30":0,"31":0,"32":0,"33":0,"34":0,"35":0,"36":0,"37":0,"38":1},"f":{"0":0,"1":0,"2":0,"3":0,"4":0,"5":0,"6":0,"7":0},"b":{"0":[0,0],"1":[0,0],"2":[0,0],"3":[0,0]},"_coverageSchema":"1a1c01bbd47fc00a2c39e90264f33305004495a9","hash":"d840acc955d0a28cc050d3c035da6d2ede8247f6"}
,"/home/de121/Documents/Revision-App/server/models/token.js": {"path":"/home/de121/Documents/Revision-App/server/models/token.js","statementMap":{"0":{"start":{"line":1,"column":11},"end":{"line":1,"column":41}},"1":{"start":{"line":2,"column":23},"end":{"line":2,"column":38}},"2":{"start":{"line":8,"column":8},"end":{"line":8,"column":32}},"3":{"start":{"line":9,"column":8},"end":{"line":9,"column":32}},"4":{"start":{"line":10,"column":8},"end":{"line":10,"column":26}},"5":{"start":{"line":15,"column":22},"end":{"line":15,"column":30}},"6":{"start":{"line":17,"column":8},"end":{"line":17,"column":34}},"7":{"start":{"line":18,"column":8},"end":{"line":18,"column":29}},"8":{"start":{"line":20,"column":8},"end":{"line":20,"column":41}},"9":{"start":{"line":23,"column":25},"end":{"line":24,"column":30}},"10":{"start":{"line":28,"column":22},"end":{"line":28,"column":47}},"11":{"start":{"line":32,"column":25},"end":{"line":32,"column":54}},"12":{"start":{"line":34,"column":8},"end":{"line":34,"column":24}},"13":{"start":{"line":40,"column":25},"end":{"line":40,"column":94}},"14":{"start":{"line":41,"column":8},"end":{"line":45,"column":9}},"15":{"start":{"line":42,"column":12},"end":{"line":42,"column":55}},"16":{"start":{"line":44,"column":12},"end":{"line":44,"column":47}},"17":{"start":{"line":51,"column":25},"end":{"line":51,"column":88}},"18":{"start":{"line":52,"column":8},"end":{"line":56,"column":9}},"19":{"start":{"line":53,"column":12},"end":{"line":53,"column":55}},"20":{"start":{"line":55,"column":12},"end":{"line":55,"column":47}},"21":{"start":{"line":60,"column":25},"end":{"line":60,"column":110}},"22":{"start":{"line":61,"column":8},"end":{"line":65,"column":9}},"23":{"start":{"line":62,"column":12},"end":{"line":62,"column":53}},"24":{"start":{"line":64,"column":12},"end":{"line":64,"column":46}},"25":{"start":{"line":69,"column":25},"end":{"line":69,"column":94}},"26":{"start":{"line":70,"column":8},"end":{"line":74,"column":9}},"27":{"start":{"line":71,"column":12},"end":{"line":71,"column":55}},"28":{"start":{"line":73,"column":12},"end":{"line":73,"column":47}},"29":{"start":{"line":79,"column":0},"end":{"line":79,"column":22}}},"fnMap":{"0":{"name":"(anonymous_0)","decl":{"start":{"line":5,"column":4},"end":{"line":5,"column":5}},"loc":{"start":{"line":7,"column":4},"end":{"line":11,"column":5}},"line":7},"1":{"name":"(anonymous_1)","decl":{"start":{"line":13,"column":4},"end":{"line":13,"column":5}},"loc":{"start":{"line":13,"column":33},"end":{"line":36,"column":5}},"line":13},"2":{"name":"(anonymous_2)","decl":{"start":{"line":39,"column":4},"end":{"line":39,"column":5}},"loc":{"start":{"line":39,"column":38},"end":{"line":46,"column":5}},"line":39},"3":{"name":"(anonymous_3)","decl":{"start":{"line":50,"column":4},"end":{"line":50,"column":5}},"loc":{"start":{"line":50,"column":38},"end":{"line":57,"column":5}},"line":50},"4":{"name":"(anonymous_4)","decl":{"start":{"line":59,"column":4},"end":{"line":59,"column":5}},"loc":{"start":{"line":59,"column":25},"end":{"line":66,"column":5}},"line":59},"5":{"name":"(anonymous_5)","decl":{"start":{"line":68,"column":4},"end":{"line":68,"column":5}},"loc":{"start":{"line":68,"column":37},"end":{"line":75,"column":5}},"line":68}},"branchMap":{"0":{"loc":{"start":{"line":41,"column":8},"end":{"line":45,"column":9}},"type":"if","locations":[{"start":{"line":41,"column":8},"end":{"line":45,"column":9}},{"start":{"line":43,"column":15},"end":{"line":45,"column":9}}],"line":41},"1":{"loc":{"start":{"line":52,"column":8},"end":{"line":56,"column":9}},"type":"if","locations":[{"start":{"line":52,"column":8},"end":{"line":56,"column":9}},{"start":{"line":54,"column":15},"end":{"line":56,"column":9}}],"line":52},"2":{"loc":{"start":{"line":61,"column":8},"end":{"line":65,"column":9}},"type":"if","locations":[{"start":{"line":61,"column":8},"end":{"line":65,"column":9}},{"start":{"line":63,"column":13},"end":{"line":65,"column":9}}],"line":61},"3":{"loc":{"start":{"line":70,"column":8},"end":{"line":74,"column":9}},"type":"if","locations":[{"start":{"line":70,"column":8},"end":{"line":74,"column":9}},{"start":{"line":72,"column":15},"end":{"line":74,"column":9}}],"line":70}},"s":{"0":2,"1":2,"2":1,"3":1,"4":1,"5":1,"6":1,"7":1,"8":1,"9":1,"10":0,"11":0,"12":0,"13":0,"14":0,"15":0,"16":0,"17":0,"18":0,"19":0,"20":0,"21":0,"22":0,"23":0,"24":0,"25":0,"26":0,"27":0,"28":0,"29":2},"f":{"0":1,"1":1,"2":0,"3":0,"4":0,"5":0},"b":{"0":[0,0],"1":[0,0],"2":[0,0],"3":[0,0]},"_coverageSchema":"1a1c01bbd47fc00a2c39e90264f33305004495a9","hash":"b9da98cbe807d838068a28ecbfe1be43beb55b10"}
,"/home/de121/Documents/Revision-App/server/models/user.js": {"path":"/home/de121/Documents/Revision-App/server/models/user.js","statementMap":{"0":{"start":{"line":1,"column":11},"end":{"line":1,"column":41}},"1":{"start":{"line":5,"column":8},"end":{"line":5,"column":33}},"2":{"start":{"line":6,"column":8},"end":{"line":6,"column":33}},"3":{"start":{"line":7,"column":8},"end":{"line":7,"column":33}},"4":{"start":{"line":11,"column":25},"end":{"line":11,"column":95}},"5":{"start":{"line":14,"column":22},"end":{"line":14,"column":32}},"6":{"start":{"line":14,"column":44},"end":{"line":14,"column":63}},"7":{"start":{"line":14,"column":75},"end":{"line":14,"column":91}},"8":{"start":{"line":14,"column":103},"end":{"line":14,"column":118}},"9":{"start":{"line":15,"column":8},"end":{"line":15,"column":50}},"10":{"start":{"line":16,"column":20},"end":{"line":16,"column":49}},"11":{"start":{"line":17,"column":21},"end":{"line":17,"column":41}},"12":{"start":{"line":18,"column":22},"end":{"line":18,"column":73}},"13":{"start":{"line":19,"column":20},"end":{"line":19,"column":64}},"14":{"start":{"line":21,"column":8},"end":{"line":21,"column":37}},"15":{"start":{"line":23,"column":8},"end":{"line":23,"column":34}},"16":{"start":{"line":24,"column":28},"end":{"line":24,"column":45}},"17":{"start":{"line":25,"column":29},"end":{"line":25,"column":85}},"18":{"start":{"line":27,"column":8},"end":{"line":27,"column":40}},"19":{"start":{"line":29,"column":8},"end":{"line":31,"column":9}},"20":{"start":{"line":30,"column":12},"end":{"line":30,"column":57}},"21":{"start":{"line":32,"column":8},"end":{"line":32,"column":41}},"22":{"start":{"line":36,"column":8},"end":{"line":51,"column":9}},"23":{"start":{"line":37,"column":37},"end":{"line":37,"column":41}},"24":{"start":{"line":39,"column":23},"end":{"line":39,"column":137}},"25":{"start":{"line":41,"column":8},"end":{"line":43,"column":9}},"26":{"start":{"line":42,"column":12},"end":{"line":42,"column":57}},"27":{"start":{"line":44,"column":8},"end":{"line":44,"column":31}},"28":{"start":{"line":46,"column":12},"end":{"line":50,"column":13}},"29":{"start":{"line":47,"column":16},"end":{"line":47,"column":58}},"30":{"start":{"line":49,"column":16},"end":{"line":49,"column":60}},"31":{"start":{"line":56,"column":25},"end":{"line":56,"column":88}},"32":{"start":{"line":58,"column":8},"end":{"line":60,"column":9}},"33":{"start":{"line":59,"column":12},"end":{"line":59,"column":52}},"34":{"start":{"line":61,"column":8},"end":{"line":61,"column":41}},"35":{"start":{"line":65,"column":30},"end":{"line":65,"column":100}},"36":{"start":{"line":66,"column":8},"end":{"line":68,"column":9}},"37":{"start":{"line":67,"column":12},"end":{"line":67,"column":53}},"38":{"start":{"line":69,"column":21},"end":{"line":69,"column":82}},"39":{"start":{"line":70,"column":8},"end":{"line":70,"column":19}},"40":{"start":{"line":76,"column":0},"end":{"line":76,"column":21}}},"fnMap":{"0":{"name":"(anonymous_0)","decl":{"start":{"line":4,"column":4},"end":{"line":4,"column":5}},"loc":{"start":{"line":4,"column":69},"end":{"line":8,"column":5}},"line":4},"1":{"name":"(anonymous_1)","decl":{"start":{"line":10,"column":4},"end":{"line":10,"column":5}},"loc":{"start":{"line":10,"column":41},"end":{"line":33,"column":5}},"line":10},"2":{"name":"(anonymous_2)","decl":{"start":{"line":35,"column":4},"end":{"line":35,"column":5}},"loc":{"start":{"line":35,"column":30},"end":{"line":53,"column":5}},"line":35},"3":{"name":"(anonymous_3)","decl":{"start":{"line":55,"column":4},"end":{"line":55,"column":5}},"loc":{"start":{"line":55,"column":31},"end":{"line":62,"column":5}},"line":55},"4":{"name":"(anonymous_4)","decl":{"start":{"line":64,"column":4},"end":{"line":64,"column":5}},"loc":{"start":{"line":64,"column":37},"end":{"line":71,"column":5}},"line":64}},"branchMap":{"0":{"loc":{"start":{"line":29,"column":8},"end":{"line":31,"column":9}},"type":"if","locations":[{"start":{"line":29,"column":8},"end":{"line":31,"column":9}},{"start":{},"end":{}}],"line":29},"1":{"loc":{"start":{"line":41,"column":8},"end":{"line":43,"column":9}},"type":"if","locations":[{"start":{"line":41,"column":8},"end":{"line":43,"column":9}},{"start":{},"end":{}}],"line":41},"2":{"loc":{"start":{"line":46,"column":12},"end":{"line":50,"column":13}},"type":"if","locations":[{"start":{"line":46,"column":12},"end":{"line":50,"column":13}},{"start":{"line":48,"column":19},"end":{"line":50,"column":13}}],"line":46},"3":{"loc":{"start":{"line":58,"column":8},"end":{"line":60,"column":9}},"type":"if","locations":[{"start":{"line":58,"column":8},"end":{"line":60,"column":9}},{"start":{},"end":{}}],"line":58},"4":{"loc":{"start":{"line":66,"column":8},"end":{"line":68,"column":9}},"type":"if","locations":[{"start":{"line":66,"column":8},"end":{"line":68,"column":9}},{"start":{},"end":{}}],"line":66}},"s":{"0":5,"1":0,"2":0,"3":0,"4":2,"5":2,"6":2,"7":2,"8":2,"9":2,"10":2,"11":2,"12":0,"13":0,"14":0,"15":0,"16":0,"17":0,"18":0,"19":0,"20":0,"21":0,"22":3,"23":3,"24":3,"25":1,"26":0,"27":1,"28":2,"29":1,"30":1,"31":1,"32":0,"33":0,"34":0,"35":4,"36":3,"37":2,"38":1,"39":0,"40":5},"f":{"0":0,"1":2,"2":3,"3":1,"4":4},"b":{"0":[0,0],"1":[0,1],"2":[1,1],"3":[0,0],"4":[2,1]},"_coverageSchema":"1a1c01bbd47fc00a2c39e90264f33305004495a9","hash":"2859e68b7a175a2eb077e58299f4cd525699eab6"}
,"/home/de121/Documents/Revision-App/server/routes/notes.js": {"path":"/home/de121/Documents/Revision-App/server/routes/notes.js","statementMap":{"0":{"start":{"line":1,"column":17},"end":{"line":1,"column":35}},"1":{"start":{"line":2,"column":24},"end":{"line":2,"column":55}},"2":{"start":{"line":3,"column":20},"end":{"line":3,"column":28}},"3":{"start":{"line":5,"column":0},"end":{"line":5,"column":43}},"4":{"start":{"line":6,"column":0},"end":{"line":6,"column":59}},"5":{"start":{"line":7,"column":0},"end":{"line":7,"column":49}},"6":{"start":{"line":8,"column":0},"end":{"line":8,"column":49}},"7":{"start":{"line":9,"column":0},"end":{"line":9,"column":53}},"8":{"start":{"line":10,"column":0},"end":{"line":10,"column":54}},"9":{"start":{"line":12,"column":0},"end":{"line":12,"column":28}}},"fnMap":{},"branchMap":{},"s":{"0":1,"1":1,"2":1,"3":1,"4":1,"5":1,"6":1,"7":1,"8":1,"9":1},"f":{},"b":{},"_coverageSchema":"1a1c01bbd47fc00a2c39e90264f33305004495a9","hash":"bf3ac7ee07c35db95cc7f695cf5118101308fed3"}
,"/home/de121/Documents/Revision-App/server/routes/subjects.js": {"path":"/home/de121/Documents/Revision-App/server/routes/subjects.js","statementMap":{"0":{"start":{"line":1,"column":17},"end":{"line":1,"column":35}},"1":{"start":{"line":2,"column":27},"end":{"line":2,"column":61}},"2":{"start":{"line":3,"column":23},"end":{"line":3,"column":31}},"3":{"start":{"line":5,"column":0},"end":{"line":5,"column":49}},"4":{"start":{"line":6,"column":0},"end":{"line":6,"column":59}},"5":{"start":{"line":7,"column":0},"end":{"line":7,"column":58}},"6":{"start":{"line":8,"column":0},"end":{"line":8,"column":62}},"7":{"start":{"line":9,"column":0},"end":{"line":9,"column":63}},"8":{"start":{"line":11,"column":0},"end":{"line":11,"column":31}}},"fnMap":{},"branchMap":{},"s":{"0":1,"1":1,"2":1,"3":1,"4":1,"5":1,"6":1,"7":1,"8":1},"f":{},"b":{},"_coverageSchema":"1a1c01bbd47fc00a2c39e90264f33305004495a9","hash":"533bc744b2327f47e402b3b5b50b95dc2b8340ec"}
,"/home/de121/Documents/Revision-App/server/routes/user.js": {"path":"/home/de121/Documents/Revision-App/server/routes/user.js","statementMap":{"0":{"start":{"line":1,"column":19},"end":{"line":1,"column":37}},"1":{"start":{"line":3,"column":22},"end":{"line":3,"column":60}},"2":{"start":{"line":4,"column":23},"end":{"line":4,"column":53}},"3":{"start":{"line":6,"column":19},"end":{"line":6,"column":27}},"4":{"start":{"line":8,"column":0},"end":{"line":8,"column":53}},"5":{"start":{"line":9,"column":0},"end":{"line":9,"column":47}},"6":{"start":{"line":10,"column":0},"end":{"line":10,"column":51}},"7":{"start":{"line":11,"column":0},"end":{"line":11,"column":66}},"8":{"start":{"line":11,"column":45},"end":{"line":11,"column":64}},"9":{"start":{"line":12,"column":0},"end":{"line":12,"column":52}},"10":{"start":{"line":14,"column":0},"end":{"line":14,"column":27}}},"fnMap":{"0":{"name":"(anonymous_0)","decl":{"start":{"line":11,"column":33},"end":{"line":11,"column":34}},"loc":{"start":{"line":11,"column":44},"end":{"line":11,"column":65}},"line":11}},"branchMap":{},"s":{"0":1,"1":1,"2":1,"3":1,"4":1,"5":1,"6":1,"7":1,"8":0,"9":1,"10":1},"f":{"0":0},"b":{},"_coverageSchema":"1a1c01bbd47fc00a2c39e90264f33305004495a9","hash":"8fc59a486ad1afa2e612a947074e4ec5d2cd5039"}
}
