{"C:\\Users\\Constantinos\\OneDrive\\LA_FOSSE\\Week_9\\PROJECT\\Revision-App\\server\\app.js": {"path":"C:\\Users\\Constantinos\\OneDrive\\LA_FOSSE\\Week_9\\PROJECT\\Revision-App\\server\\app.js","statementMap":{"0":{"start":{"line":3,"column":16},"end":{"line":3,"column":34}},"1":{"start":{"line":4,"column":13},"end":{"line":4,"column":28}},"2":{"start":{"line":8,"column":19},"end":{"line":8,"column":43}},"3":{"start":{"line":14,"column":13},"end":{"line":14,"column":28}},"4":{"start":{"line":19,"column":12},"end":{"line":19,"column":21}},"5":{"start":{"line":23,"column":0},"end":{"line":23,"column":23}},"6":{"start":{"line":24,"column":0},"end":{"line":24,"column":15}},"7":{"start":{"line":27,"column":0},"end":{"line":27,"column":24}},"8":{"start":{"line":31,"column":0},"end":{"line":31,"column":20}}},"fnMap":{},"branchMap":{},"s":{"0":1,"1":1,"2":1,"3":1,"4":1,"5":1,"6":1,"7":1,"8":1},"f":{},"b":{},"_coverageSchema":"1a1c01bbd47fc00a2c39e90264f33305004495a9","hash":"c7305993be6420e69e52a9f58bd904ae3bf1132f"}
,"C:\\Users\\Constantinos\\OneDrive\\LA_FOSSE\\Week_9\\PROJECT\\Revision-App\\server\\controllers\\notes.js": {"path":"C:\\Users\\Constantinos\\OneDrive\\LA_FOSSE\\Week_9\\PROJECT\\Revision-App\\server\\controllers\\notes.js","statementMap":{"0":{"start":{"line":1,"column":14},"end":{"line":1,"column":40}},"1":{"start":{"line":3,"column":14},"end":{"line":10,"column":1}},"2":{"start":{"line":4,"column":3},"end":{"line":9,"column":4}},"3":{"start":{"line":5,"column":22},"end":{"line":5,"column":42}},"4":{"start":{"line":6,"column":8},"end":{"line":6,"column":35}},"5":{"start":{"line":8,"column":4},"end":{"line":8,"column":46}},"6":{"start":{"line":12,"column":17},"end":{"line":21,"column":1}},"7":{"start":{"line":13,"column":4},"end":{"line":20,"column":5}},"8":{"start":{"line":14,"column":19},"end":{"line":14,"column":32}},"9":{"start":{"line":15,"column":21},"end":{"line":15,"column":47}},"10":{"start":{"line":16,"column":8},"end":{"line":16,"column":34}},"11":{"start":{"line":19,"column":8},"end":{"line":19,"column":50}},"12":{"start":{"line":23,"column":19},"end":{"line":31,"column":1}},"13":{"start":{"line":24,"column":4},"end":{"line":30,"column":5}},"14":{"start":{"line":25,"column":21},"end":{"line":25,"column":53}},"15":{"start":{"line":26,"column":8},"end":{"line":26,"column":34}},"16":{"start":{"line":29,"column":8},"end":{"line":29,"column":51}},"17":{"start":{"line":33,"column":19},"end":{"line":42,"column":1}},"18":{"start":{"line":34,"column":4},"end":{"line":41,"column":5}},"19":{"start":{"line":35,"column":19},"end":{"line":35,"column":32}},"20":{"start":{"line":36,"column":21},"end":{"line":36,"column":57}},"21":{"start":{"line":37,"column":8},"end":{"line":37,"column":34}},"22":{"start":{"line":40,"column":8},"end":{"line":40,"column":50}},"23":{"start":{"line":44,"column":19},"end":{"line":53,"column":1}},"24":{"start":{"line":45,"column":4},"end":{"line":52,"column":5}},"25":{"start":{"line":46,"column":19},"end":{"line":46,"column":32}},"26":{"start":{"line":47,"column":21},"end":{"line":47,"column":47}},"27":{"start":{"line":48,"column":23},"end":{"line":48,"column":46}},"28":{"start":{"line":49,"column":8},"end":{"line":49,"column":36}},"29":{"start":{"line":51,"column":8},"end":{"line":51,"column":49}},"30":{"start":{"line":58,"column":0},"end":{"line":58,"column":72}}},"fnMap":{"0":{"name":"(anonymous_0)","decl":{"start":{"line":3,"column":14},"end":{"line":3,"column":15}},"loc":{"start":{"line":3,"column":33},"end":{"line":10,"column":1}},"line":3},"1":{"name":"(anonymous_1)","decl":{"start":{"line":12,"column":17},"end":{"line":12,"column":18}},"loc":{"start":{"line":12,"column":36},"end":{"line":21,"column":1}},"line":12},"2":{"name":"(anonymous_2)","decl":{"start":{"line":23,"column":19},"end":{"line":23,"column":20}},"loc":{"start":{"line":23,"column":39},"end":{"line":31,"column":1}},"line":23},"3":{"name":"(anonymous_3)","decl":{"start":{"line":33,"column":19},"end":{"line":33,"column":20}},"loc":{"start":{"line":33,"column":39},"end":{"line":42,"column":1}},"line":33},"4":{"name":"(anonymous_4)","decl":{"start":{"line":44,"column":19},"end":{"line":44,"column":20}},"loc":{"start":{"line":44,"column":39},"end":{"line":53,"column":1}},"line":44}},"branchMap":{},"s":{"0":1,"1":1,"2":2,"3":2,"4":1,"5":1,"6":1,"7":2,"8":2,"9":2,"10":1,"11":1,"12":1,"13":2,"14":2,"15":1,"16":1,"17":1,"18":2,"19":2,"20":2,"21":1,"22":1,"23":1,"24":2,"25":2,"26":2,"27":2,"28":1,"29":1,"30":1},"f":{"0":2,"1":2,"2":2,"3":2,"4":2},"b":{},"_coverageSchema":"1a1c01bbd47fc00a2c39e90264f33305004495a9","hash":"86b16985eb11d43d50484a731af91a7f28e240c1"}
,"C:\\Users\\Constantinos\\OneDrive\\LA_FOSSE\\Week_9\\PROJECT\\Revision-App\\server\\controllers\\user.js": {"path":"C:\\Users\\Constantinos\\OneDrive\\LA_FOSSE\\Week_9\\PROJECT\\Revision-App\\server\\controllers\\user.js","statementMap":{"0":{"start":{"line":1,"column":13},"end":{"line":1,"column":38}},"1":{"start":{"line":2,"column":15},"end":{"line":2,"column":32}},"2":{"start":{"line":3,"column":14},"end":{"line":3,"column":40}},"3":{"start":{"line":5,"column":17},"end":{"line":23,"column":1}},"4":{"start":{"line":6,"column":4},"end":{"line":22,"column":5}},"5":{"start":{"line":7,"column":21},"end":{"line":7,"column":29}},"6":{"start":{"line":10,"column":21},"end":{"line":10,"column":83}},"7":{"start":{"line":13,"column":21},"end":{"line":13,"column":59}},"8":{"start":{"line":14,"column":8},"end":{"line":14,"column":28}},"9":{"start":{"line":16,"column":23},"end":{"line":16,"column":46}},"10":{"start":{"line":18,"column":8},"end":{"line":18,"column":36}},"11":{"start":{"line":21,"column":8},"end":{"line":21,"column":50}},"12":{"start":{"line":25,"column":14},"end":{"line":54,"column":1}},"13":{"start":{"line":26,"column":4},"end":{"line":53,"column":5}},"14":{"start":{"line":28,"column":36},"end":{"line":28,"column":44}},"15":{"start":{"line":31,"column":21},"end":{"line":31,"column":55}},"16":{"start":{"line":33,"column":22},"end":{"line":33,"column":67}},"17":{"start":{"line":36,"column":8},"end":{"line":50,"column":13}},"18":{"start":{"line":37,"column":12},"end":{"line":37,"column":68}},"19":{"start":{"line":40,"column":12},"end":{"line":49,"column":13}},"20":{"start":{"line":41,"column":34},"end":{"line":41,"column":70}},"21":{"start":{"line":42,"column":31},"end":{"line":42,"column":61}},"22":{"start":{"line":45,"column":30},"end":{"line":45,"column":63}},"23":{"start":{"line":47,"column":16},"end":{"line":48,"column":29}},"24":{"start":{"line":52,"column":8},"end":{"line":52,"column":50}},"25":{"start":{"line":56,"column":15},"end":{"line":65,"column":1}},"26":{"start":{"line":57,"column":4},"end":{"line":64,"column":5}},"27":{"start":{"line":58,"column":22},"end":{"line":58,"column":36}},"28":{"start":{"line":59,"column":26},"end":{"line":59,"column":58}},"29":{"start":{"line":60,"column":23},"end":{"line":60,"column":47}},"30":{"start":{"line":61,"column":8},"end":{"line":61,"column":36}},"31":{"start":{"line":63,"column":8},"end":{"line":63,"column":50}},"32":{"start":{"line":67,"column":0},"end":{"line":67,"column":43}}},"fnMap":{"0":{"name":"(anonymous_0)","decl":{"start":{"line":5,"column":17},"end":{"line":5,"column":18}},"loc":{"start":{"line":5,"column":36},"end":{"line":23,"column":1}},"line":5},"1":{"name":"(anonymous_1)","decl":{"start":{"line":25,"column":14},"end":{"line":25,"column":15}},"loc":{"start":{"line":25,"column":33},"end":{"line":54,"column":1}},"line":25},"2":{"name":"(anonymous_2)","decl":{"start":{"line":56,"column":15},"end":{"line":56,"column":16}},"loc":{"start":{"line":56,"column":34},"end":{"line":65,"column":1}},"line":56}},"branchMap":{"0":{"loc":{"start":{"line":36,"column":8},"end":{"line":50,"column":13}},"type":"if","locations":[{"start":{"line":36,"column":8},"end":{"line":50,"column":13}},{"start":{"line":38,"column":15},"end":{"line":50,"column":13}}],"line":36}},"s":{"0":2,"1":2,"2":2,"3":2,"4":1,"5":1,"6":1,"7":1,"8":1,"9":1,"10":1,"11":0,"12":2,"13":0,"14":0,"15":0,"16":0,"17":0,"18":0,"19":0,"20":0,"21":0,"22":0,"23":0,"24":0,"25":2,"26":0,"27":0,"28":0,"29":0,"30":0,"31":0,"32":2},"f":{"0":1,"1":0,"2":0},"b":{"0":[0,0]},"_coverageSchema":"1a1c01bbd47fc00a2c39e90264f33305004495a9","hash":"757546d4c166ace9f11e397ff76f5c47b495187d"}
,"C:\\Users\\Constantinos\\OneDrive\\LA_FOSSE\\Week_9\\PROJECT\\Revision-App\\server\\database\\connect.js": {"path":"C:\\Users\\Constantinos\\OneDrive\\LA_FOSSE\\Week_9\\PROJECT\\Revision-App\\server\\database\\connect.js","statementMap":{"0":{"start":{"line":1,"column":17},"end":{"line":1,"column":30}},"1":{"start":{"line":5,"column":11},"end":{"line":7,"column":2}},"2":{"start":{"line":11,"column":0},"end":{"line":11,"column":19}}},"fnMap":{},"branchMap":{},"s":{"0":5,"1":5,"2":5},"f":{},"b":{},"_coverageSchema":"1a1c01bbd47fc00a2c39e90264f33305004495a9","hash":"85f520ac220986e4ca3c3add4570ec92387f1d8e"}
,"C:\\Users\\Constantinos\\OneDrive\\LA_FOSSE\\Week_9\\PROJECT\\Revision-App\\server\\middleware\\authenticator.js": {"path":"C:\\Users\\Constantinos\\OneDrive\\LA_FOSSE\\Week_9\\PROJECT\\Revision-App\\server\\middleware\\authenticator.js","statementMap":{"0":{"start":{"line":1,"column":14},"end":{"line":1,"column":40}},"1":{"start":{"line":4,"column":4},"end":{"line":17,"column":5}},"2":{"start":{"line":5,"column":26},"end":{"line":5,"column":54}},"3":{"start":{"line":7,"column":8},"end":{"line":13,"column":9}},"4":{"start":{"line":8,"column":12},"end":{"line":8,"column":55}},"5":{"start":{"line":10,"column":31},"end":{"line":10,"column":67}},"6":{"start":{"line":12,"column":12},"end":{"line":12,"column":19}},"7":{"start":{"line":16,"column":8},"end":{"line":16,"column":53}},"8":{"start":{"line":20,"column":0},"end":{"line":20,"column":30}}},"fnMap":{"0":{"name":"authenticator","decl":{"start":{"line":3,"column":15},"end":{"line":3,"column":28}},"loc":{"start":{"line":3,"column":45},"end":{"line":18,"column":1}},"line":3}},"branchMap":{"0":{"loc":{"start":{"line":7,"column":8},"end":{"line":13,"column":9}},"type":"if","locations":[{"start":{"line":7,"column":8},"end":{"line":13,"column":9}},{"start":{"line":9,"column":15},"end":{"line":13,"column":9}}],"line":7}},"s":{"0":1,"1":0,"2":0,"3":0,"4":0,"5":0,"6":0,"7":0,"8":1},"f":{"0":0},"b":{"0":[0,0]},"_coverageSchema":"1a1c01bbd47fc00a2c39e90264f33305004495a9","hash":"2b9a2fb766fdf94ce19ac37abb7f8ec75511c5b8"}
,"C:\\Users\\Constantinos\\OneDrive\\LA_FOSSE\\Week_9\\PROJECT\\Revision-App\\server\\models\\notes.js": {"path":"C:\\Users\\Constantinos\\OneDrive\\LA_FOSSE\\Week_9\\PROJECT\\Revision-App\\server\\models\\notes.js","statementMap":{"0":{"start":{"line":1,"column":11},"end":{"line":1,"column":41}},"1":{"start":{"line":5,"column":4},"end":{"line":5,"column":26}},"2":{"start":{"line":6,"column":4},"end":{"line":6,"column":20}},"3":{"start":{"line":7,"column":4},"end":{"line":7,"column":22}},"4":{"start":{"line":8,"column":4},"end":{"line":8,"column":32}},"5":{"start":{"line":12,"column":21},"end":{"line":12,"column":59}},"6":{"start":{"line":13,"column":4},"end":{"line":20,"column":3}},"7":{"start":{"line":14,"column":6},"end":{"line":16,"column":7}},"8":{"start":{"line":15,"column":10},"end":{"line":15,"column":47}},"9":{"start":{"line":17,"column":6},"end":{"line":17,"column":57}},"10":{"start":{"line":17,"column":40},"end":{"line":17,"column":56}},"11":{"start":{"line":19,"column":6},"end":{"line":19,"column":34}},"12":{"start":{"line":24,"column":4},"end":{"line":32,"column":5}},"13":{"start":{"line":25,"column":23},"end":{"line":25,"column":86}},"14":{"start":{"line":26,"column":6},"end":{"line":28,"column":7}},"15":{"start":{"line":27,"column":10},"end":{"line":27,"column":53}},"16":{"start":{"line":29,"column":6},"end":{"line":29,"column":40}},"17":{"start":{"line":31,"column":6},"end":{"line":31,"column":34}},"18":{"start":{"line":36,"column":4},"end":{"line":42,"column":5}},"19":{"start":{"line":37,"column":49},"end":{"line":37,"column":53}},"20":{"start":{"line":38,"column":23},"end":{"line":38,"column":163}},"21":{"start":{"line":39,"column":6},"end":{"line":39,"column":40}},"22":{"start":{"line":41,"column":6},"end":{"line":41,"column":34}},"23":{"start":{"line":46,"column":4},"end":{"line":52,"column":5}},"24":{"start":{"line":47,"column":42},"end":{"line":47,"column":46}},"25":{"start":{"line":48,"column":23},"end":{"line":48,"column":164}},"26":{"start":{"line":49,"column":6},"end":{"line":49,"column":40}},"27":{"start":{"line":51,"column":6},"end":{"line":51,"column":34}},"28":{"start":{"line":56,"column":4},"end":{"line":64,"column":3}},"29":{"start":{"line":57,"column":23},"end":{"line":57,"column":106}},"30":{"start":{"line":58,"column":6},"end":{"line":60,"column":7}},"31":{"start":{"line":59,"column":8},"end":{"line":59,"column":19}},"32":{"start":{"line":61,"column":6},"end":{"line":61,"column":40}},"33":{"start":{"line":63,"column":4},"end":{"line":63,"column":33}},"34":{"start":{"line":68,"column":0},"end":{"line":68,"column":22}}},"fnMap":{"0":{"name":"(anonymous_0)","decl":{"start":{"line":4,"column":2},"end":{"line":4,"column":3}},"loc":{"start":{"line":4,"column":50},"end":{"line":9,"column":3}},"line":4},"1":{"name":"(anonymous_1)","decl":{"start":{"line":11,"column":2},"end":{"line":11,"column":3}},"loc":{"start":{"line":11,"column":24},"end":{"line":21,"column":1}},"line":11},"2":{"name":"(anonymous_2)","decl":{"start":{"line":17,"column":31},"end":{"line":17,"column":32}},"loc":{"start":{"line":17,"column":40},"end":{"line":17,"column":56}},"line":17},"3":{"name":"(anonymous_3)","decl":{"start":{"line":23,"column":2},"end":{"line":23,"column":3}},"loc":{"start":{"line":23,"column":30},"end":{"line":33,"column":3}},"line":23},"4":{"name":"(anonymous_4)","decl":{"start":{"line":35,"column":2},"end":{"line":35,"column":3}},"loc":{"start":{"line":35,"column":32},"end":{"line":43,"column":3}},"line":35},"5":{"name":"(anonymous_5)","decl":{"start":{"line":45,"column":2},"end":{"line":45,"column":3}},"loc":{"start":{"line":45,"column":41},"end":{"line":53,"column":3}},"line":45},"6":{"name":"(anonymous_6)","decl":{"start":{"line":55,"column":2},"end":{"line":55,"column":3}},"loc":{"start":{"line":55,"column":21},"end":{"line":65,"column":1}},"line":55}},"branchMap":{"0":{"loc":{"start":{"line":14,"column":6},"end":{"line":16,"column":7}},"type":"if","locations":[{"start":{"line":14,"column":6},"end":{"line":16,"column":7}},{"start":{},"end":{}}],"line":14},"1":{"loc":{"start":{"line":26,"column":6},"end":{"line":28,"column":7}},"type":"if","locations":[{"start":{"line":26,"column":6},"end":{"line":28,"column":7}},{"start":{},"end":{}}],"line":26},"2":{"loc":{"start":{"line":58,"column":6},"end":{"line":60,"column":7}},"type":"if","locations":[{"start":{"line":58,"column":6},"end":{"line":60,"column":7}},{"start":{},"end":{}}],"line":58}},"s":{"0":2,"1":10,"2":10,"3":10,"4":10,"5":2,"6":2,"7":2,"8":1,"9":1,"10":2,"11":1,"12":2,"13":2,"14":2,"15":0,"16":2,"17":0,"18":2,"19":2,"20":2,"21":1,"22":1,"23":2,"24":2,"25":2,"26":1,"27":1,"28":1,"29":1,"30":1,"31":0,"32":1,"33":0,"34":2},"f":{"0":10,"1":2,"2":2,"3":2,"4":2,"5":2,"6":1},"b":{"0":[1,1],"1":[0,2],"2":[0,1]},"_coverageSchema":"1a1c01bbd47fc00a2c39e90264f33305004495a9","hash":"6efeada615dc9965908db5f88076c59f0e821e60"}
,"C:\\Users\\Constantinos\\OneDrive\\LA_FOSSE\\Week_9\\PROJECT\\Revision-App\\server\\models\\token.js": {"path":"C:\\Users\\Constantinos\\OneDrive\\LA_FOSSE\\Week_9\\PROJECT\\Revision-App\\server\\models\\token.js","statementMap":{"0":{"start":{"line":1,"column":11},"end":{"line":1,"column":41}},"1":{"start":{"line":2,"column":23},"end":{"line":2,"column":38}},"2":{"start":{"line":8,"column":8},"end":{"line":8,"column":32}},"3":{"start":{"line":9,"column":8},"end":{"line":9,"column":32}},"4":{"start":{"line":10,"column":8},"end":{"line":10,"column":26}},"5":{"start":{"line":15,"column":22},"end":{"line":15,"column":30}},"6":{"start":{"line":17,"column":8},"end":{"line":17,"column":34}},"7":{"start":{"line":18,"column":8},"end":{"line":18,"column":29}},"8":{"start":{"line":20,"column":8},"end":{"line":20,"column":41}},"9":{"start":{"line":23,"column":25},"end":{"line":24,"column":30}},"10":{"start":{"line":28,"column":22},"end":{"line":28,"column":47}},"11":{"start":{"line":32,"column":25},"end":{"line":32,"column":54}},"12":{"start":{"line":34,"column":8},"end":{"line":34,"column":24}},"13":{"start":{"line":40,"column":25},"end":{"line":40,"column":94}},"14":{"start":{"line":41,"column":8},"end":{"line":45,"column":9}},"15":{"start":{"line":42,"column":12},"end":{"line":42,"column":55}},"16":{"start":{"line":44,"column":12},"end":{"line":44,"column":47}},"17":{"start":{"line":51,"column":25},"end":{"line":51,"column":88}},"18":{"start":{"line":52,"column":8},"end":{"line":56,"column":9}},"19":{"start":{"line":53,"column":12},"end":{"line":53,"column":55}},"20":{"start":{"line":55,"column":12},"end":{"line":55,"column":47}},"21":{"start":{"line":60,"column":25},"end":{"line":60,"column":110}},"22":{"start":{"line":61,"column":8},"end":{"line":65,"column":9}},"23":{"start":{"line":62,"column":12},"end":{"line":62,"column":53}},"24":{"start":{"line":64,"column":12},"end":{"line":64,"column":46}},"25":{"start":{"line":69,"column":25},"end":{"line":69,"column":93}},"26":{"start":{"line":70,"column":8},"end":{"line":74,"column":9}},"27":{"start":{"line":71,"column":12},"end":{"line":71,"column":55}},"28":{"start":{"line":73,"column":12},"end":{"line":73,"column":47}},"29":{"start":{"line":79,"column":0},"end":{"line":79,"column":22}}},"fnMap":{"0":{"name":"(anonymous_0)","decl":{"start":{"line":5,"column":4},"end":{"line":5,"column":5}},"loc":{"start":{"line":7,"column":4},"end":{"line":11,"column":5}},"line":7},"1":{"name":"(anonymous_1)","decl":{"start":{"line":13,"column":4},"end":{"line":13,"column":5}},"loc":{"start":{"line":13,"column":33},"end":{"line":36,"column":5}},"line":13},"2":{"name":"(anonymous_2)","decl":{"start":{"line":39,"column":4},"end":{"line":39,"column":5}},"loc":{"start":{"line":39,"column":38},"end":{"line":46,"column":5}},"line":39},"3":{"name":"(anonymous_3)","decl":{"start":{"line":50,"column":4},"end":{"line":50,"column":5}},"loc":{"start":{"line":50,"column":38},"end":{"line":57,"column":5}},"line":50},"4":{"name":"(anonymous_4)","decl":{"start":{"line":59,"column":4},"end":{"line":59,"column":5}},"loc":{"start":{"line":59,"column":25},"end":{"line":66,"column":5}},"line":59},"5":{"name":"(anonymous_5)","decl":{"start":{"line":68,"column":4},"end":{"line":68,"column":5}},"loc":{"start":{"line":68,"column":36},"end":{"line":75,"column":5}},"line":68}},"branchMap":{"0":{"loc":{"start":{"line":41,"column":8},"end":{"line":45,"column":9}},"type":"if","locations":[{"start":{"line":41,"column":8},"end":{"line":45,"column":9}},{"start":{"line":43,"column":15},"end":{"line":45,"column":9}}],"line":41},"1":{"loc":{"start":{"line":52,"column":8},"end":{"line":56,"column":9}},"type":"if","locations":[{"start":{"line":52,"column":8},"end":{"line":56,"column":9}},{"start":{"line":54,"column":15},"end":{"line":56,"column":9}}],"line":52},"2":{"loc":{"start":{"line":61,"column":8},"end":{"line":65,"column":9}},"type":"if","locations":[{"start":{"line":61,"column":8},"end":{"line":65,"column":9}},{"start":{"line":63,"column":13},"end":{"line":65,"column":9}}],"line":61},"3":{"loc":{"start":{"line":70,"column":8},"end":{"line":74,"column":9}},"type":"if","locations":[{"start":{"line":70,"column":8},"end":{"line":74,"column":9}},{"start":{"line":72,"column":15},"end":{"line":74,"column":9}}],"line":70}},"s":{"0":2,"1":2,"2":0,"3":0,"4":0,"5":0,"6":0,"7":0,"8":0,"9":0,"10":0,"11":0,"12":0,"13":0,"14":0,"15":0,"16":0,"17":0,"18":0,"19":0,"20":0,"21":0,"22":0,"23":0,"24":0,"25":0,"26":0,"27":0,"28":0,"29":2},"f":{"0":0,"1":0,"2":0,"3":0,"4":0,"5":0},"b":{"0":[0,0],"1":[0,0],"2":[0,0],"3":[0,0]},"_coverageSchema":"1a1c01bbd47fc00a2c39e90264f33305004495a9","hash":"af9dee2cf36ed68a213d02dd71ffd4164f10dd91"}
,"C:\\Users\\Constantinos\\OneDrive\\LA_FOSSE\\Week_9\\PROJECT\\Revision-App\\server\\models\\user.js": {"path":"C:\\Users\\Constantinos\\OneDrive\\LA_FOSSE\\Week_9\\PROJECT\\Revision-App\\server\\models\\user.js","statementMap":{"0":{"start":{"line":1,"column":11},"end":{"line":1,"column":41}},"1":{"start":{"line":5,"column":8},"end":{"line":5,"column":33}},"2":{"start":{"line":6,"column":8},"end":{"line":6,"column":33}},"3":{"start":{"line":7,"column":8},"end":{"line":7,"column":33}},"4":{"start":{"line":11,"column":25},"end":{"line":11,"column":95}},"5":{"start":{"line":12,"column":8},"end":{"line":14,"column":9}},"6":{"start":{"line":13,"column":12},"end":{"line":13,"column":57}},"7":{"start":{"line":15,"column":8},"end":{"line":15,"column":41}},"8":{"start":{"line":19,"column":8},"end":{"line":34,"column":9}},"9":{"start":{"line":20,"column":37},"end":{"line":20,"column":41}},"10":{"start":{"line":22,"column":23},"end":{"line":22,"column":137}},"11":{"start":{"line":24,"column":8},"end":{"line":26,"column":9}},"12":{"start":{"line":25,"column":12},"end":{"line":25,"column":57}},"13":{"start":{"line":27,"column":8},"end":{"line":27,"column":31}},"14":{"start":{"line":29,"column":12},"end":{"line":33,"column":13}},"15":{"start":{"line":30,"column":16},"end":{"line":30,"column":58}},"16":{"start":{"line":32,"column":16},"end":{"line":32,"column":60}},"17":{"start":{"line":41,"column":0},"end":{"line":41,"column":21}}},"fnMap":{"0":{"name":"(anonymous_0)","decl":{"start":{"line":4,"column":4},"end":{"line":4,"column":5}},"loc":{"start":{"line":4,"column":47},"end":{"line":8,"column":5}},"line":4},"1":{"name":"(anonymous_1)","decl":{"start":{"line":10,"column":4},"end":{"line":10,"column":5}},"loc":{"start":{"line":10,"column":41},"end":{"line":16,"column":5}},"line":10},"2":{"name":"(anonymous_2)","decl":{"start":{"line":18,"column":4},"end":{"line":18,"column":5}},"loc":{"start":{"line":18,"column":30},"end":{"line":36,"column":5}},"line":18}},"branchMap":{"0":{"loc":{"start":{"line":12,"column":8},"end":{"line":14,"column":9}},"type":"if","locations":[{"start":{"line":12,"column":8},"end":{"line":14,"column":9}},{"start":{},"end":{}}],"line":12},"1":{"loc":{"start":{"line":24,"column":8},"end":{"line":26,"column":9}},"type":"if","locations":[{"start":{"line":24,"column":8},"end":{"line":26,"column":9}},{"start":{},"end":{}}],"line":24},"2":{"loc":{"start":{"line":29,"column":12},"end":{"line":33,"column":13}},"type":"if","locations":[{"start":{"line":29,"column":12},"end":{"line":33,"column":13}},{"start":{"line":31,"column":19},"end":{"line":33,"column":13}}],"line":29}},"s":{"0":3,"1":2,"2":2,"3":2,"4":2,"5":2,"6":0,"7":2,"8":3,"9":3,"10":3,"11":1,"12":0,"13":1,"14":2,"15":1,"16":1,"17":3},"f":{"0":2,"1":2,"2":3},"b":{"0":[0,2],"1":[0,1],"2":[1,1]},"_coverageSchema":"1a1c01bbd47fc00a2c39e90264f33305004495a9","hash":"8bb296a01aef49a1d2b937d3d6a8cb13304ffee9"}
,"C:\\Users\\Constantinos\\OneDrive\\LA_FOSSE\\Week_9\\PROJECT\\Revision-App\\server\\routes\\user.js": {"path":"C:\\Users\\Constantinos\\OneDrive\\LA_FOSSE\\Week_9\\PROJECT\\Revision-App\\server\\routes\\user.js","statementMap":{"0":{"start":{"line":1,"column":19},"end":{"line":1,"column":37}},"1":{"start":{"line":3,"column":22},"end":{"line":3,"column":60}},"2":{"start":{"line":4,"column":23},"end":{"line":4,"column":53}},"3":{"start":{"line":6,"column":19},"end":{"line":6,"column":27}},"4":{"start":{"line":8,"column":0},"end":{"line":8,"column":53}},"5":{"start":{"line":9,"column":0},"end":{"line":9,"column":47}},"6":{"start":{"line":10,"column":0},"end":{"line":10,"column":51}},"7":{"start":{"line":11,"column":0},"end":{"line":11,"column":66}},"8":{"start":{"line":11,"column":45},"end":{"line":11,"column":64}},"9":{"start":{"line":13,"column":0},"end":{"line":13,"column":27}}},"fnMap":{"0":{"name":"(anonymous_0)","decl":{"start":{"line":11,"column":33},"end":{"line":11,"column":34}},"loc":{"start":{"line":11,"column":44},"end":{"line":11,"column":65}},"line":11}},"branchMap":{},"s":{"0":1,"1":1,"2":1,"3":1,"4":1,"5":1,"6":1,"7":1,"8":0,"9":1},"f":{"0":0},"b":{},"_coverageSchema":"1a1c01bbd47fc00a2c39e90264f33305004495a9","hash":"25c56166d004c1b908b3873719160f685fd13fa0"}
}
