TN:
SF:app.js
FNF:0
FNH:0
DA:2,1
DA:3,1
DA:7,1
DA:8,1
DA:10,1
DA:13,1
DA:16,1
DA:17,1
DA:21,1
DA:22,1
DA:25,1
LF:11
LH:11
BRF:0
BRH:0
end_of_record
TN:
SF:controllers\notes.js
FN:3,(anonymous_0)
FN:13,(anonymous_1)
FN:25,(anonymous_2)
FN:36,(anonymous_3)
FN:48,(anonymous_4)
FN:60,(anonymous_5)
FNF:6
FNH:6
FNDA:3,(anonymous_0)
FNDA:3,(anonymous_1)
FNDA:3,(anonymous_2)
FNDA:3,(anonymous_3)
FNDA:3,(anonymous_4)
FNDA:1,(anonymous_5)
DA:1,2
DA:3,2
DA:4,3
DA:5,3
DA:6,3
DA:7,2
DA:9,1
DA:13,2
DA:14,3
DA:15,3
DA:16,3
DA:17,3
DA:18,2
DA:21,1
DA:25,2
DA:26,3
DA:27,3
DA:28,3
DA:29,2
DA:32,1
DA:36,2
DA:37,3
DA:38,3
DA:39,3
DA:40,3
DA:41,2
DA:44,1
DA:48,2
DA:49,3
DA:50,3
DA:51,3
DA:52,3
DA:53,3
DA:54,2
DA:56,1
DA:60,2
DA:61,1
DA:62,1
DA:63,1
DA:64,1
DA:65,1
DA:68,0
DA:73,2
LF:43
LH:42
BRF:0
BRH:0
end_of_record
TN:
SF:controllers\user.js
FN:5,(anonymous_0)
FN:27,(anonymous_1)
FN:57,(anonymous_2)
FN:68,(anonymous_3)
FNF:4
FNH:4
FNDA:3,(anonymous_0)
FNDA:4,(anonymous_1)
FNDA:3,(anonymous_2)
FNDA:3,(anonymous_3)
DA:1,2
DA:2,2
DA:3,2
DA:5,2
DA:6,3
DA:7,3
DA:10,3
DA:13,2
DA:14,2
DA:16,2
DA:17,2
DA:19,2
DA:23,1
DA:27,2
DA:28,4
DA:30,4
DA:32,4
DA:34,3
DA:38,3
DA:39,1
DA:41,2
DA:42,2
DA:43,2
DA:46,2
DA:48,2
DA:53,2
DA:57,2
DA:58,3
DA:59,3
DA:60,3
DA:61,3
DA:62,2
DA:64,1
DA:68,2
DA:69,3
DA:70,3
DA:71,3
DA:72,2
DA:74,1
DA:79,2
LF:40
LH:40
BRDA:38,0,0,1
BRDA:38,0,1,2
BRF:2
BRH:2
end_of_record
TN:
SF:database\connect.js
FNF:0
FNH:0
DA:1,5
DA:3,5
DA:7,5
DA:13,5
LF:4
LH:4
BRF:0
BRH:0
end_of_record
TN:
SF:database\testConnect.js
FN:10,(anonymous_0)
FN:23,(anonymous_1)
FNF:2
FNH:2
FNDA:11,(anonymous_0)
FNDA:22,(anonymous_1)
DA:1,1
DA:2,1
DA:3,1
DA:5,1
DA:8,1
DA:10,1
DA:11,11
DA:15,11
DA:17,11
DA:20,11
DA:21,11
DA:23,11
DA:24,22
DA:25,22
DA:30,11
DA:32,11
DA:35,0
DA:36,0
DA:39,0
DA:43,1
LF:20
LH:17
BRDA:35,0,0,0
BRDA:35,0,1,0
BRF:2
BRH:0
end_of_record
TN:
SF:middleware\authenticator.js
FN:3,authenticator
FNF:1
FNH:1
FNDA:1,authenticator
DA:1,1
DA:4,1
DA:5,1
DA:7,1
DA:8,0
DA:10,1
DA:12,1
DA:16,0
DA:20,1
LF:9
LH:7
BRDA:7,0,0,0
BRDA:7,0,1,1
BRF:2
BRH:1
end_of_record
TN:
SF:models\notes.js
FN:5,(anonymous_0)
FN:13,(anonymous_1)
FN:20,(anonymous_2)
FN:26,(anonymous_3)
FN:38,(anonymous_4)
FN:47,(anonymous_5)
FN:55,(anonymous_6)
FN:66,(anonymous_7)
FN:79,(anonymous_8)
FNF:9
FNH:8
FNDA:17,(anonymous_0)
FNDA:3,(anonymous_1)
FNDA:3,(anonymous_2)
FNDA:4,(anonymous_3)
FNDA:1,(anonymous_4)
FNDA:0,(anonymous_5)
FNDA:3,(anonymous_6)
FNDA:3,(anonymous_7)
FNDA:3,(anonymous_8)
DA:1,3
DA:2,3
DA:6,17
DA:7,17
DA:8,17
DA:9,17
DA:10,17
DA:14,3
DA:15,3
DA:16,3
DA:17,3
DA:18,1
DA:20,3
DA:22,1
DA:27,4
DA:28,4
DA:29,4
DA:30,4
DA:31,0
DA:33,4
DA:35,0
DA:39,1
DA:40,1
DA:41,1
DA:42,1
DA:44,1
DA:45,1
DA:47,0
DA:51,0
DA:56,3
DA:57,3
DA:58,3
DA:59,3
DA:60,2
DA:62,1
DA:67,3
DA:68,3
DA:69,3
DA:70,3
DA:71,2
DA:73,1
DA:80,3
DA:81,3
DA:82,3
DA:84,2
DA:85,0
DA:87,2
DA:89,1
DA:94,3
LF:49
LH:44
BRDA:17,0,0,1
BRDA:17,0,1,2
BRDA:30,1,0,0
BRDA:30,1,1,4
BRDA:44,2,0,1
BRDA:44,2,1,0
BRDA:84,3,0,0
BRDA:84,3,1,2
BRF:8
BRH:5
end_of_record
TN:
SF:models\token.js
FN:5,(anonymous_0)
FN:13,(anonymous_1)
FN:39,(anonymous_2)
FN:50,(anonymous_3)
FN:59,(anonymous_4)
FN:71,(anonymous_5)
FNF:6
FNH:6
FNDA:9,(anonymous_0)
FNDA:2,(anonymous_1)
FNDA:2,(anonymous_2)
FNDA:2,(anonymous_3)
FNDA:2,(anonymous_4)
FNDA:1,(anonymous_5)
DA:1,2
DA:2,2
DA:8,9
DA:9,9
DA:10,9
DA:15,2
DA:17,2
DA:18,2
DA:20,2
DA:23,2
DA:28,2
DA:32,2
DA:34,2
DA:40,2
DA:41,2
DA:42,0
DA:44,2
DA:51,2
DA:52,2
DA:53,0
DA:55,2
DA:60,2
DA:61,2
DA:62,2
DA:63,0
DA:65,2
DA:67,0
DA:72,1
DA:73,1
DA:74,0
DA:76,1
DA:82,2
LF:32
LH:27
BRDA:41,0,0,0
BRDA:41,0,1,2
BRDA:52,1,0,0
BRDA:52,1,1,2
BRDA:62,2,0,0
BRDA:62,2,1,2
BRDA:73,3,0,0
BRDA:73,3,1,1
BRF:8
BRH:4
end_of_record
TN:
SF:models\user.js
FN:4,(anonymous_0)
FN:12,(anonymous_1)
FN:52,(anonymous_2)
FN:72,(anonymous_3)
FN:81,(anonymous_4)
FNF:5
FNH:5
FNDA:13,(anonymous_0)
FNDA:3,(anonymous_1)
FNDA:4,(anonymous_2)
FNDA:10,(anonymous_3)
FNDA:10,(anonymous_4)
DA:1,5
DA:5,13
DA:6,13
DA:7,13
DA:8,13
DA:9,13
DA:13,3
DA:15,3
DA:16,3
DA:18,3
DA:19,3
DA:20,3
DA:22,3
DA:23,3
DA:25,3
DA:26,3
DA:29,3
DA:30,3
DA:31,3
DA:33,3
DA:34,0
DA:35,0
DA:36,0
DA:37,3
DA:38,1
DA:40,2
DA:41,2
DA:42,2
DA:46,3
DA:47,0
DA:49,3
DA:53,4
DA:54,4
DA:56,4
DA:58,2
DA:59,0
DA:61,2
DA:63,2
DA:64,1
DA:66,1
DA:73,10
DA:75,10
DA:76,1
DA:78,9
DA:82,10
DA:83,10
DA:84,1
DA:86,9
DA:87,9
DA:93,5
LF:50
LH:45
BRDA:33,0,0,0
BRDA:33,0,1,3
BRDA:37,1,0,1
BRDA:37,1,1,2
BRDA:46,2,0,0
BRDA:46,2,1,3
BRDA:58,3,0,0
BRDA:58,3,1,2
BRDA:63,4,0,1
BRDA:63,4,1,1
BRDA:75,5,0,1
BRDA:75,5,1,9
BRDA:83,6,0,1
BRDA:83,6,1,9
BRF:14
BRH:11
end_of_record
TN:
SF:routes\notes.js
FNF:0
FNH:0
DA:1,1
DA:2,1
DA:3,1
DA:5,1
DA:6,1
DA:7,1
DA:8,1
DA:9,1
DA:10,1
DA:12,1
LF:10
LH:10
BRF:0
BRH:0
end_of_record
TN:
SF:routes\user.js
FN:11,(anonymous_0)
FNF:1
FNH:1
FNDA:1,(anonymous_0)
DA:1,1
DA:3,1
DA:4,1
DA:6,1
DA:8,1
DA:9,1
DA:10,1
DA:11,1
DA:12,1
DA:14,1
LF:10
LH:10
BRF:0
BRH:0
end_of_record
